<?xml version="1.0" encoding="UTF-8"?>
<testsuite name="PythonIntegrationTest" tests="1" skipped="0" failures="0" errors="0" timestamp="2022-07-14T03:22:19" hostname="TABLET-F4U1E7IV" time="0.243">
  <properties/>
  <testcase name="testPythonScript()" classname="PythonIntegrationTest" time="0.243"/>
  <system-out><![CDATA[[sus]
]]></system-out>
  <system-err><![CDATA[]]></system-err>
</testsuite>
